<?xml version="1.0" encoding="UTF-8"?>
<testsuite name="com.grailsinaction.UerSpec" tests="1" skipped="0" failures="1" errors="0" timestamp="2016-03-29T22:26:52" hostname="DESKTOP-CP37IE8" time="2.399">
  <properties/>
  <testcase name="test something" classname="com.grailsinaction.UerSpec" time="2.399">
    <failure message="Condition not satisfied:&#10;&#10;true == false&#10;     |&#10;     false&#10;" type="org.spockframework.runtime.SpockComparisonFailure">Condition not satisfied:

true == false
     |
     false

	at com.grailsinaction.UerSpec.test something(UerSpec.groovy:20)
</failure>
  </testcase>
  <system-out><![CDATA[]]></system-out>
  <system-err><![CDATA[]]></system-err>
</testsuite>
